Started GET "/" for 127.0.0.1 at 2018-08-30 19:41:49 +0700
  
ActiveRecord::NoDatabaseError (FATAL:  database "PS1_development" does not exist
):
  
activerecord (5.2.1) lib/active_record/connection_adapters/postgresql_adapter.rb:688:in `rescue in connect'
activerecord (5.2.1) lib/active_record/connection_adapters/postgresql_adapter.rb:683:in `connect'
activerecord (5.2.1) lib/active_record/connection_adapters/postgresql_adapter.rb:215:in `initialize'
activerecord (5.2.1) lib/active_record/connection_adapters/postgresql_adapter.rb:40:in `new'
activerecord (5.2.1) lib/active_record/connection_adapters/postgresql_adapter.rb:40:in `postgresql_connection'
activerecord (5.2.1) lib/active_record/connection_adapters/abstract/connection_pool.rb:809:in `new_connection'
activerecord (5.2.1) lib/active_record/connection_adapters/abstract/connection_pool.rb:853:in `checkout_new_connection'
activerecord (5.2.1) lib/active_record/connection_adapters/abstract/connection_pool.rb:832:in `try_to_checkout_new_connection'
activerecord (5.2.1) lib/active_record/connection_adapters/abstract/connection_pool.rb:793:in `acquire_connection'
activerecord (5.2.1) lib/active_record/connection_adapters/abstract/connection_pool.rb:521:in `checkout'
activerecord (5.2.1) lib/active_record/connection_adapters/abstract/connection_pool.rb:380:in `connection'
activerecord (5.2.1) lib/active_record/connection_adapters/abstract/connection_pool.rb:1008:in `retrieve_connection'
activerecord (5.2.1) lib/active_record/connection_handling.rb:118:in `retrieve_connection'
activerecord (5.2.1) lib/active_record/connection_handling.rb:90:in `connection'
activerecord (5.2.1) lib/active_record/migration.rb:554:in `call'
actionpack (5.2.1) lib/action_dispatch/middleware/callbacks.rb:28:in `block in call'
activesupport (5.2.1) lib/active_support/callbacks.rb:98:in `run_callbacks'
actionpack (5.2.1) lib/action_dispatch/middleware/callbacks.rb:26:in `call'
actionpack (5.2.1) lib/action_dispatch/middleware/executor.rb:14:in `call'
actionpack (5.2.1) lib/action_dispatch/middleware/debug_exceptions.rb:61:in `call'
web-console (3.6.2) lib/web_console/middleware.rb:135:in `call_app'
web-console (3.6.2) lib/web_console/middleware.rb:30:in `block in call'
web-console (3.6.2) lib/web_console/middleware.rb:20:in `catch'
web-console (3.6.2) lib/web_console/middleware.rb:20:in `call'
actionpack (5.2.1) lib/action_dispatch/middleware/show_exceptions.rb:33:in `call'
railties (5.2.1) lib/rails/rack/logger.rb:38:in `call_app'
railties (5.2.1) lib/rails/rack/logger.rb:26:in `block in call'
activesupport (5.2.1) lib/active_support/tagged_logging.rb:71:in `block in tagged'
activesupport (5.2.1) lib/active_support/tagged_logging.rb:28:in `tagged'
activesupport (5.2.1) lib/active_support/tagged_logging.rb:71:in `tagged'
railties (5.2.1) lib/rails/rack/logger.rb:26:in `call'
sprockets-rails (3.2.1) lib/sprockets/rails/quiet_assets.rb:13:in `call'
actionpack (5.2.1) lib/action_dispatch/middleware/remote_ip.rb:81:in `call'
actionpack (5.2.1) lib/action_dispatch/middleware/request_id.rb:27:in `call'
rack (2.0.5) lib/rack/method_override.rb:22:in `call'
rack (2.0.5) lib/rack/runtime.rb:22:in `call'
activesupport (5.2.1) lib/active_support/cache/strategy/local_cache_middleware.rb:29:in `call'
actionpack (5.2.1) lib/action_dispatch/middleware/executor.rb:14:in `call'
actionpack (5.2.1) lib/action_dispatch/middleware/static.rb:127:in `call'
rack (2.0.5) lib/rack/sendfile.rb:111:in `call'
railties (5.2.1) lib/rails/engine.rb:524:in `call'
puma (3.12.0) lib/puma/configuration.rb:225:in `call'
puma (3.12.0) lib/puma/server.rb:658:in `handle_request'
puma (3.12.0) lib/puma/server.rb:472:in `process_client'
puma (3.12.0) lib/puma/server.rb:332:in `block in run'
puma (3.12.0) lib/puma/thread_pool.rb:133:in `block in spawn_thread'
  [1m[35m (1349.8ms)[0m  [1m[35mCREATE DATABASE "PS1_development" ENCODING = 'unicode'[0m
  ↳ /home/adam/.rbenv/versions/2.5.1/bin/rake:23
  [1m[35m (1639.4ms)[0m  [1m[35mCREATE DATABASE "PS1_test" ENCODING = 'unicode'[0m
  ↳ /home/adam/.rbenv/versions/2.5.1/bin/rake:23
Started GET "/" for 127.0.0.1 at 2018-08-30 19:43:09 +0700
Processing by Rails::WelcomeController#index as HTML
  Rendering /home/adam/.rbenv/versions/2.5.1/lib/ruby/gems/2.5.0/gems/railties-5.2.1/lib/rails/templates/rails/welcome/index.html.erb
  Rendered /home/adam/.rbenv/versions/2.5.1/lib/ruby/gems/2.5.0/gems/railties-5.2.1/lib/rails/templates/rails/welcome/index.html.erb (2.7ms)
Completed 200 OK in 16ms (Views: 4.5ms | ActiveRecord: 0.0ms)


Started GET "/" for 127.0.0.1 at 2018-08-30 20:04:30 +0700
Processing by ApplicationController#divide_by_zero as HTML
Completed 500 Internal Server Error in 7ms (ActiveRecord: 0.0ms)


  
ZeroDivisionError (divided by 0):
  
app/controllers/application_controller.rb:4:in `/'
app/controllers/application_controller.rb:4:in `divide_by_zero'
Started GET "/" for 127.0.0.1 at 2018-08-30 20:14:48 +0700
Processing by ApplicationController#divide_by_zero as HTML
IT' A TRAP!
Completed 500 Internal Server Error in 7ms (ActiveRecord: 0.0ms)


  
ZeroDivisionError (divided by 0):
  
app/controllers/application_controller.rb:5:in `/'
app/controllers/application_controller.rb:5:in `divide_by_zero'
Started GET "/" for 127.0.0.1 at 2018-08-30 20:36:27 +0700
Processing by ApplicationController#divide_by_zero as HTML
IT'S A TRAP!
Completed 406 Not Acceptable in 5ms (ActiveRecord: 0.0ms)


  
ActionController::UnknownFormat (ApplicationController#divide_by_zero is missing a template for this request format and variant.

request.formats: ["text/html"]
request.variant: []

NOTE! For XHR/Ajax or API requests, this action would normally respond with 204 No Content: an empty white screen. Since you're loading it in a web browser, we assume that you expected to actually render a template, not nothing, so we're showing an error to be extra-clear. If you expect 204 No Content, carry on. That's what you'll get from an XHR or API request. Give it a shot.):
  
actionpack (5.2.1) lib/action_controller/metal/implicit_render.rb:55:in `default_render'
actionpack (5.2.1) lib/action_controller/metal/basic_implicit_render.rb:6:in `block in send_action'
actionpack (5.2.1) lib/action_controller/metal/basic_implicit_render.rb:6:in `tap'
actionpack (5.2.1) lib/action_controller/metal/basic_implicit_render.rb:6:in `send_action'
actionpack (5.2.1) lib/abstract_controller/base.rb:194:in `process_action'
actionpack (5.2.1) lib/action_controller/metal/rendering.rb:30:in `process_action'
actionpack (5.2.1) lib/abstract_controller/callbacks.rb:42:in `block in process_action'
activesupport (5.2.1) lib/active_support/callbacks.rb:132:in `run_callbacks'
actionpack (5.2.1) lib/abstract_controller/callbacks.rb:41:in `process_action'
actionpack (5.2.1) lib/action_controller/metal/rescue.rb:22:in `process_action'
actionpack (5.2.1) lib/action_controller/metal/instrumentation.rb:34:in `block in process_action'
activesupport (5.2.1) lib/active_support/notifications.rb:168:in `block in instrument'
activesupport (5.2.1) lib/active_support/notifications/instrumenter.rb:23:in `instrument'
activesupport (5.2.1) lib/active_support/notifications.rb:168:in `instrument'
actionpack (5.2.1) lib/action_controller/metal/instrumentation.rb:32:in `process_action'
actionpack (5.2.1) lib/action_controller/metal/params_wrapper.rb:256:in `process_action'
activerecord (5.2.1) lib/active_record/railties/controller_runtime.rb:24:in `process_action'
actionpack (5.2.1) lib/abstract_controller/base.rb:134:in `process'
actionview (5.2.1) lib/action_view/rendering.rb:32:in `process'
actionpack (5.2.1) lib/action_controller/metal.rb:191:in `dispatch'
actionpack (5.2.1) lib/action_controller/metal.rb:252:in `dispatch'
actionpack (5.2.1) lib/action_dispatch/routing/route_set.rb:52:in `dispatch'
actionpack (5.2.1) lib/action_dispatch/routing/route_set.rb:34:in `serve'
actionpack (5.2.1) lib/action_dispatch/journey/router.rb:52:in `block in serve'
actionpack (5.2.1) lib/action_dispatch/journey/router.rb:35:in `each'
actionpack (5.2.1) lib/action_dispatch/journey/router.rb:35:in `serve'
actionpack (5.2.1) lib/action_dispatch/routing/route_set.rb:840:in `call'
rack (2.0.5) lib/rack/tempfile_reaper.rb:15:in `call'
rack (2.0.5) lib/rack/etag.rb:25:in `call'
rack (2.0.5) lib/rack/conditional_get.rb:25:in `call'
rack (2.0.5) lib/rack/head.rb:12:in `call'
actionpack (5.2.1) lib/action_dispatch/http/content_security_policy.rb:18:in `call'
rack (2.0.5) lib/rack/session/abstract/id.rb:232:in `context'
rack (2.0.5) lib/rack/session/abstract/id.rb:226:in `call'
actionpack (5.2.1) lib/action_dispatch/middleware/cookies.rb:670:in `call'
activerecord (5.2.1) lib/active_record/migration.rb:559:in `call'
actionpack (5.2.1) lib/action_dispatch/middleware/callbacks.rb:28:in `block in call'
activesupport (5.2.1) lib/active_support/callbacks.rb:98:in `run_callbacks'
actionpack (5.2.1) lib/action_dispatch/middleware/callbacks.rb:26:in `call'
actionpack (5.2.1) lib/action_dispatch/middleware/executor.rb:14:in `call'
actionpack (5.2.1) lib/action_dispatch/middleware/debug_exceptions.rb:61:in `call'
web-console (3.6.2) lib/web_console/middleware.rb:135:in `call_app'
web-console (3.6.2) lib/web_console/middleware.rb:30:in `block in call'
web-console (3.6.2) lib/web_console/middleware.rb:20:in `catch'
web-console (3.6.2) lib/web_console/middleware.rb:20:in `call'
actionpack (5.2.1) lib/action_dispatch/middleware/show_exceptions.rb:33:in `call'
railties (5.2.1) lib/rails/rack/logger.rb:38:in `call_app'
railties (5.2.1) lib/rails/rack/logger.rb:26:in `block in call'
activesupport (5.2.1) lib/active_support/tagged_logging.rb:71:in `block in tagged'
activesupport (5.2.1) lib/active_support/tagged_logging.rb:28:in `tagged'
activesupport (5.2.1) lib/active_support/tagged_logging.rb:71:in `tagged'
railties (5.2.1) lib/rails/rack/logger.rb:26:in `call'
sprockets-rails (3.2.1) lib/sprockets/rails/quiet_assets.rb:13:in `call'
actionpack (5.2.1) lib/action_dispatch/middleware/remote_ip.rb:81:in `call'
actionpack (5.2.1) lib/action_dispatch/middleware/request_id.rb:27:in `call'
rack (2.0.5) lib/rack/method_override.rb:22:in `call'
rack (2.0.5) lib/rack/runtime.rb:22:in `call'
activesupport (5.2.1) lib/active_support/cache/strategy/local_cache_middleware.rb:29:in `call'
actionpack (5.2.1) lib/action_dispatch/middleware/executor.rb:14:in `call'
actionpack (5.2.1) lib/action_dispatch/middleware/static.rb:127:in `call'
rack (2.0.5) lib/rack/sendfile.rb:111:in `call'
railties (5.2.1) lib/rails/engine.rb:524:in `call'
puma (3.12.0) lib/puma/configuration.rb:225:in `call'
puma (3.12.0) lib/puma/server.rb:658:in `handle_request'
puma (3.12.0) lib/puma/server.rb:472:in `process_client'
puma (3.12.0) lib/puma/server.rb:332:in `block in run'
puma (3.12.0) lib/puma/thread_pool.rb:133:in `block in spawn_thread'
Started GET "/" for 127.0.0.1 at 2018-08-30 20:37:41 +0700
Processing by ApplicationController#divide_by_zero as HTML
IT'S A TRAP!
Completed 500 Internal Server Error in 6ms (ActiveRecord: 0.0ms)


  
ZeroDivisionError (divided by 0):
  
app/controllers/application_controller.rb:5:in `/'
app/controllers/application_controller.rb:5:in `divide_by_zero'
Started GET "/" for 127.0.0.1 at 2018-08-30 20:57:48 +0700
Processing by ApplicationController#divide_by_zero as HTML
IT'S A TRAP!
Completed 500 Internal Server Error in 4ms (ActiveRecord: 0.0ms)


  
ZeroDivisionError (divided by 0):
  
app/controllers/application_controller.rb:5:in `/'
app/controllers/application_controller.rb:5:in `divide_by_zero'
Started GET "/" for 127.0.0.1 at 2018-08-31 19:00:33 +0700
Processing by StaticController#index as HTML
  Rendering static/index.html.erb within layouts/application
  Rendered static/index.html.erb within layouts/application (1.0ms)
Completed 200 OK in 923ms (Views: 917.0ms | ActiveRecord: 0.0ms)


Started GET "/basics" for 127.0.0.1 at 2018-08-31 19:02:02 +0700
Processing by StaticController#index as HTML
  Rendering static/index.html.erb within layouts/application
  Rendered static/index.html.erb within layouts/application (0.3ms)
Completed 200 OK in 11ms (Views: 10.2ms | ActiveRecord: 0.0ms)


Started GET "/basics" for 127.0.0.1 at 2018-08-31 19:02:05 +0700
Processing by StaticController#index as HTML
  Rendering static/index.html.erb within layouts/application
  Rendered static/index.html.erb within layouts/application (2.9ms)
Completed 200 OK in 30ms (Views: 26.8ms | ActiveRecord: 0.0ms)


Started GET "/" for 127.0.0.1 at 2018-08-31 19:02:08 +0700
Processing by Rails::WelcomeController#index as HTML
  Rendering /home/adam/.rbenv/versions/2.5.1/lib/ruby/gems/2.5.0/gems/railties-5.2.1/lib/rails/templates/rails/welcome/index.html.erb
  Rendered /home/adam/.rbenv/versions/2.5.1/lib/ruby/gems/2.5.0/gems/railties-5.2.1/lib/rails/templates/rails/welcome/index.html.erb (2.1ms)
Completed 200 OK in 60ms (Views: 4.2ms | ActiveRecord: 0.0ms)


Started GET "/basics" for 127.0.0.1 at 2018-08-31 19:02:16 +0700
Processing by StaticController#index as HTML
  Rendering static/index.html.erb within layouts/application
  Rendered static/index.html.erb within layouts/application (0.7ms)
Completed 200 OK in 22ms (Views: 20.1ms | ActiveRecord: 0.0ms)


Started GET "/basics/divide_by_zero" for 127.0.0.1 at 2018-08-31 19:11:14 +0700
Processing by StaticController#divide_by_zero as HTML
IT'S A TRAP!
Completed 500 Internal Server Error in 5ms (ActiveRecord: 0.0ms)


  
ZeroDivisionError (divided by 0):
  
app/controllers/static_controller.rb:7:in `/'
app/controllers/static_controller.rb:7:in `divide_by_zero'
Started GET "/basics/divide_by_zero" for 127.0.0.1 at 2018-08-31 19:14:26 +0700
Processing by ExceptionController#divide_by_zero as HTML
IT'S A TRAP!
Completed 500 Internal Server Error in 0ms (ActiveRecord: 0.0ms)


  
ZeroDivisionError (divided by 0):
  
app/controllers/exception_controller.rb:5:in `/'
app/controllers/exception_controller.rb:5:in `divide_by_zero'
Started GET "/basics" for 127.0.0.1 at 2018-08-31 19:14:39 +0700
Processing by StaticController#index as HTML
  Rendering static/index.html.erb within layouts/application
  Rendered static/index.html.erb within layouts/application (0.4ms)
Completed 200 OK in 173ms (Views: 171.7ms | ActiveRecord: 0.0ms)


Started GET "/basics" for 127.0.0.1 at 2018-08-31 19:21:51 +0700
Processing by StaticController#index as HTML
  Rendering static/index.html.erb within layouts/application
  Rendered static/index.html.erb within layouts/application (0.3ms)
Completed 200 OK in 13ms (Views: 12.6ms | ActiveRecord: 0.0ms)


Started GET "/basics/divide_by_zero" for 127.0.0.1 at 2018-08-31 19:21:53 +0700
Processing by ExceptionController#divide_by_zero as HTML
IT'S A TRAP!
Completed 500 Internal Server Error in 1ms (ActiveRecord: 0.0ms)


  
ZeroDivisionError (divided by 0):
  
app/controllers/exception_controller.rb:5:in `/'
app/controllers/exception_controller.rb:5:in `divide_by_zero'
Started GET "/basics" for 127.0.0.1 at 2018-08-31 19:21:56 +0700
Processing by StaticController#index as HTML
  Rendering static/index.html.erb within layouts/application
  Rendered static/index.html.erb within layouts/application (0.6ms)
Completed 200 OK in 19ms (Views: 17.4ms | ActiveRecord: 0.0ms)


Started GET "/" for 127.0.0.1 at 2018-08-31 05:32:28 -0700
  
ActiveRecord::NoDatabaseError (FATAL:  database "PS1_development" does not exist
):
  
activerecord (5.2.1) lib/active_record/connection_adapters/postgresql_adapter.rb:688:in `rescue in connect'
activerecord (5.2.1) lib/active_record/connection_adapters/postgresql_adapter.rb:683:in `connect'
activerecord (5.2.1) lib/active_record/connection_adapters/postgresql_adapter.rb:215:in `initialize'
activerecord (5.2.1) lib/active_record/connection_adapters/postgresql_adapter.rb:40:in `new'
activerecord (5.2.1) lib/active_record/connection_adapters/postgresql_adapter.rb:40:in `postgresql_connection'
activerecord (5.2.1) lib/active_record/connection_adapters/abstract/connection_pool.rb:809:in `new_connection'
activerecord (5.2.1) lib/active_record/connection_adapters/abstract/connection_pool.rb:853:in `checkout_new_connection'
activerecord (5.2.1) lib/active_record/connection_adapters/abstract/connection_pool.rb:832:in `try_to_checkout_new_connection'
activerecord (5.2.1) lib/active_record/connection_adapters/abstract/connection_pool.rb:793:in `acquire_connection'
activerecord (5.2.1) lib/active_record/connection_adapters/abstract/connection_pool.rb:521:in `checkout'
activerecord (5.2.1) lib/active_record/connection_adapters/abstract/connection_pool.rb:380:in `connection'
activerecord (5.2.1) lib/active_record/connection_adapters/abstract/connection_pool.rb:1008:in `retrieve_connection'
activerecord (5.2.1) lib/active_record/connection_handling.rb:118:in `retrieve_connection'
activerecord (5.2.1) lib/active_record/connection_handling.rb:90:in `connection'
activerecord (5.2.1) lib/active_record/migration.rb:554:in `call'
actionpack (5.2.1) lib/action_dispatch/middleware/callbacks.rb:28:in `block in call'
activesupport (5.2.1) lib/active_support/callbacks.rb:98:in `run_callbacks'
actionpack (5.2.1) lib/action_dispatch/middleware/callbacks.rb:26:in `call'
actionpack (5.2.1) lib/action_dispatch/middleware/executor.rb:14:in `call'
actionpack (5.2.1) lib/action_dispatch/middleware/debug_exceptions.rb:61:in `call'
web-console (3.6.2) lib/web_console/middleware.rb:135:in `call_app'
web-console (3.6.2) lib/web_console/middleware.rb:30:in `block in call'
web-console (3.6.2) lib/web_console/middleware.rb:20:in `catch'
web-console (3.6.2) lib/web_console/middleware.rb:20:in `call'
actionpack (5.2.1) lib/action_dispatch/middleware/show_exceptions.rb:33:in `call'
railties (5.2.1) lib/rails/rack/logger.rb:38:in `call_app'
railties (5.2.1) lib/rails/rack/logger.rb:26:in `block in call'
activesupport (5.2.1) lib/active_support/tagged_logging.rb:71:in `block in tagged'
activesupport (5.2.1) lib/active_support/tagged_logging.rb:28:in `tagged'
activesupport (5.2.1) lib/active_support/tagged_logging.rb:71:in `tagged'
railties (5.2.1) lib/rails/rack/logger.rb:26:in `call'
sprockets-rails (3.2.1) lib/sprockets/rails/quiet_assets.rb:13:in `call'
actionpack (5.2.1) lib/action_dispatch/middleware/remote_ip.rb:81:in `call'
actionpack (5.2.1) lib/action_dispatch/middleware/request_id.rb:27:in `call'
rack (2.0.5) lib/rack/method_override.rb:22:in `call'
rack (2.0.5) lib/rack/runtime.rb:22:in `call'
activesupport (5.2.1) lib/active_support/cache/strategy/local_cache_middleware.rb:29:in `call'
actionpack (5.2.1) lib/action_dispatch/middleware/executor.rb:14:in `call'
actionpack (5.2.1) lib/action_dispatch/middleware/static.rb:127:in `call'
rack (2.0.5) lib/rack/sendfile.rb:111:in `call'
railties (5.2.1) lib/rails/engine.rb:524:in `call'
puma (3.12.0) lib/puma/configuration.rb:225:in `call'
puma (3.12.0) lib/puma/server.rb:658:in `handle_request'
puma (3.12.0) lib/puma/server.rb:472:in `process_client'
puma (3.12.0) lib/puma/server.rb:332:in `block in run'
puma (3.12.0) lib/puma/thread_pool.rb:133:in `block in spawn_thread'
  [1m[35m (1995.4ms)[0m  [1m[35mCREATE DATABASE "PS1_development" ENCODING = 'unicode'[0m
  ↳ /home/williams/.rbenv/versions/2.5.1/bin/rake:23
  [1m[35m (947.7ms)[0m  [1m[35mCREATE DATABASE "PS1_test" ENCODING = 'unicode'[0m
  ↳ /home/williams/.rbenv/versions/2.5.1/bin/rake:23
Started GET "/" for 127.0.0.1 at 2018-08-31 05:33:03 -0700
Processing by Rails::WelcomeController#index as HTML
  Rendering /home/williams/.rbenv/versions/2.5.1/lib/ruby/gems/2.5.0/gems/railties-5.2.1/lib/rails/templates/rails/welcome/index.html.erb
  Rendered /home/williams/.rbenv/versions/2.5.1/lib/ruby/gems/2.5.0/gems/railties-5.2.1/lib/rails/templates/rails/welcome/index.html.erb (3.1ms)
Completed 200 OK in 26ms (Views: 6.2ms | ActiveRecord: 0.0ms)


Started GET "/basics" for 127.0.0.1 at 2018-08-31 05:33:09 -0700
Processing by StaticController#index as HTML
  Rendering static/index.html.erb within layouts/application
  Rendered static/index.html.erb within layouts/application (0.7ms)
Completed 200 OK in 1263ms (Views: 1258.9ms | ActiveRecord: 0.0ms)


Started GET "/basics" for 127.0.0.1 at 2018-08-31 05:33:34 -0700
Processing by StaticController#index as HTML
  Rendering static/index.html.erb within layouts/application
  Rendered static/index.html.erb within layouts/application (0.5ms)
Completed 200 OK in 12ms (Views: 11.0ms | ActiveRecord: 0.0ms)


Started GET "/basics" for 127.0.0.1 at 2018-08-31 05:36:49 -0700
Processing by StaticController#index as HTML
  Rendering static/index.html.erb within layouts/application
  Rendered static/index.html.erb within layouts/application (0.5ms)
Completed 200 OK in 472ms (Views: 471.4ms | ActiveRecord: 0.0ms)


Started GET "/basics" for 127.0.0.1 at 2018-08-31 05:38:48 -0700
Processing by StaticController#index as HTML
  Rendering static/index.html.erb within layouts/application
  Rendered static/index.html.erb within layouts/application (0.5ms)
Completed 200 OK in 12ms (Views: 11.6ms | ActiveRecord: 0.0ms)


Started GET "/basics" for 127.0.0.1 at 2018-08-31 05:40:18 -0700
Processing by StaticController#index as HTML
  Rendering static/index.html.erb within layouts/application
  Rendered static/index.html.erb within layouts/application (0.4ms)
Completed 200 OK in 22ms (Views: 20.8ms | ActiveRecord: 0.0ms)


Started GET "/basics" for 127.0.0.1 at 2018-08-31 05:40:56 -0700
Processing by StaticController#index as HTML
  Rendering static/index.html.erb within layouts/application
  Rendered static/index.html.erb within layouts/application (0.4ms)
Completed 200 OK in 12ms (Views: 11.1ms | ActiveRecord: 0.0ms)


Started GET "/basics" for 127.0.0.1 at 2018-08-31 05:46:53 -0700
Processing by StaticController#index as HTML
  Rendering static/index.html.erb within layouts/application
  Rendered static/index.html.erb within layouts/application (15.6ms)
Completed 200 OK in 69ms (Views: 68.0ms | ActiveRecord: 0.0ms)


Started GET "/basics" for 127.0.0.1 at 2018-08-31 05:47:21 -0700
Processing by StaticController#index as HTML
  Rendering static/index.html.erb within layouts/application
  Rendered static/index.html.erb within layouts/application (0.4ms)
Completed 200 OK in 13ms (Views: 12.4ms | ActiveRecord: 0.0ms)


Started GET "/basics" for 127.0.0.1 at 2018-08-31 05:47:37 -0700
Processing by StaticController#index as HTML
  Rendering static/index.html.erb within layouts/application
  Rendered static/index.html.erb within layouts/application (0.5ms)
Completed 200 OK in 17ms (Views: 16.1ms | ActiveRecord: 0.0ms)


Started GET "/basics" for 127.0.0.1 at 2018-08-31 05:48:24 -0700
Processing by StaticController#index as HTML
  Rendering static/index.html.erb within layouts/application
  Rendered static/index.html.erb within layouts/application (0.4ms)
Completed 200 OK in 24ms (Views: 23.4ms | ActiveRecord: 0.0ms)


Started GET "/basics" for 127.0.0.1 at 2018-08-31 05:48:43 -0700
Processing by StaticController#index as HTML
  Rendering static/index.html.erb within layouts/application
  Rendered static/index.html.erb within layouts/application (0.5ms)
Completed 200 OK in 21ms (Views: 20.2ms | ActiveRecord: 0.0ms)


Started GET "/basics/divide_by_zero" for 127.0.0.1 at 2018-08-31 05:48:47 -0700
Processing by ExceptionController#divide_by_zero as HTML
IT'S A TRAP!
Completed 500 Internal Server Error in 2ms (ActiveRecord: 0.0ms)


  
ZeroDivisionError (divided by 0):
  
app/controllers/exception_controller.rb:5:in `/'
app/controllers/exception_controller.rb:5:in `divide_by_zero'
Started GET "/basics" for 127.0.0.1 at 2018-08-31 05:48:49 -0700
Processing by StaticController#index as HTML
  Rendering static/index.html.erb within layouts/application
  Rendered static/index.html.erb within layouts/application (0.6ms)
Completed 200 OK in 25ms (Views: 24.1ms | ActiveRecord: 0.0ms)


Started GET "/basics" for 127.0.0.1 at 2018-08-31 05:51:11 -0700
Processing by StaticController#index as HTML
  Rendering static/index.html.erb within layouts/application
  Rendered static/index.html.erb within layouts/application (0.7ms)
Completed 200 OK in 14ms (Views: 12.6ms | ActiveRecord: 0.0ms)


Started GET "/basics" for 127.0.0.1 at 2018-08-31 05:58:56 -0700
Processing by StaticController#index as HTML
  Rendering static/index.html.erb within layouts/application
  Rendered static/index.html.erb within layouts/application (0.8ms)
Completed 200 OK in 20ms (Views: 19.2ms | ActiveRecord: 0.0ms)


Started GET "/basics" for 127.0.0.1 at 2018-08-31 06:01:50 -0700
Processing by StaticController#index as HTML
  Rendering static/index.html.erb within layouts/application
  Rendered static/index.html.erb within layouts/application (0.7ms)
Completed 200 OK in 34ms (Views: 33.0ms | ActiveRecord: 0.0ms)


Started GET "/basics" for 127.0.0.1 at 2018-08-31 06:02:11 -0700
Processing by StaticController#index as HTML
  Rendering static/index.html.erb within layouts/application
  Rendered static/index.html.erb within layouts/application (0.6ms)
Completed 200 OK in 27ms (Views: 26.4ms | ActiveRecord: 0.0ms)


Started GET "/basics" for 127.0.0.1 at 2018-08-31 06:02:22 -0700
Processing by StaticController#index as HTML
  Rendering static/index.html.erb within layouts/application
  Rendered static/index.html.erb within layouts/application (0.4ms)
Completed 200 OK in 12ms (Views: 11.4ms | ActiveRecord: 0.0ms)


